Reading human data...
Reading macaque data...
Filtering data:
 -> Removing human SVs present at frequency > 0.95 
 -> For human gtCNV male sex chromosome SVs, QUAL >= 8 
 -> For human gtCNV non-duplication QUAL >= 12 
 -> For human gtCNV duplications QUAL >= 8 
 -> For human SVtyper QUAL >= 100 
 -> Maximum SV length:  1e+05 
 --> Human events over max len: 908 
 --> Human alleles over max len: 97 
 -> Removing human inversions...
 -->  6774  human inversions removed
 -> Maximum SV length:  1e+05 
 --> 8945 SVs removed at 591 sites.
 -> Removing macaque SVs present at frequency > 0.95 
 --> 79425 SVs removed at 2491 sites.
 -> Minimum SV Qual >= 100 
 --> 435 SVs removed at 244 sites.
 -> For macaque DELS, DHFFC < 0.7 
 --> 12763 SVs removed at 870 sites.
 -> For macaque Dups, DHBFC > 1.3 
 --> 9954 SVs removed at 568 sites.
----------
Subsetting macaque data...
----------
Subsetting human data...
Reading (filtered) human gene data...
Reading (filtered) macaque gene data...

ALL MACAQUE EVENTS:
Average CNVs per individual:                           1384.0625 ( 1292 - 1503 ) 
Average bases deleted per individual:                  3121308.28125 
Average bases duplicated per individual:               481767.5 
Number of CNVs present in all individuals:             1755 
Total:                                                 44290 
Deletions:                                             40863 (0.9226) 
Deletion sensitivity:                                  0.88 
Deletions missed:                                      5572 
Deletions corrected:                                   46435 
Duplications:                                          3427 (0.07738) 
Duplication sensitivity:                               0.65 
Duplication missed:                                    1845 
Duplication corrected:                                 5272 
Bases:                                                 115298425 
Deleted bases:                                         99881865 (0.8663) 
Duplicated bases:                                      15416560 (0.1337) 
Avg. length:                                           2603.26089410702 
Min. length:                                           40 
Max. length:                                           98035 
Avg. deletion length:                                  2444.31062330225 
Min. deletion length:                                  40 
Max. deletion length:                                  98035 
Avg. duplication length:                               4498.55850598191 
Min. duplication length:                               138 
Max. duplication length:                               97301 

ALL MACAQUE ALLELES:
Total:                                                 3646 
Deletions:                                             3214 (0.8815) 
Deletion sensitivity:                                  0.88 
Deletions missed:                                      438 
Deletions corrected:                                   3652 
Duplications:                                          432 (0.1185) 
Duplication sensitivity:                               0.65 
Duplication missed:                                    233 
Duplication corrected:                                 665 
Bases:                                                 13180366 
Deleted bases:                                         10160506 (0.7709) 
Duplicated bases:                                      3019860 (0.2291) 
Avg. length:                                           3615.02084476138 
Min. length:                                           40 
Max. length:                                           98035 
Avg. deletion length:                                  3161.32731798382 
Min. deletion length:                                  40 
Max. deletion length:                                  98035 
Avg. duplication length:                               6990.41666666667 
Min. duplication length:                               138 
Max. duplication length:                               97301 

CNVs that overlap at least 1 gene:                    1667 
Avg. genes per CNV:                                    0.502663825253063 
Avg. genes per CNV, given it overlaps 1:               1.13197360527894 
CNVs that delete at least 1 gene:                      1446 
Avg. genes per deletion:                               0.428609483217901 
Avg. genes per deletion, given it overlaps 1:          1.11272475795297 
CNVs that duplicate at least 1 gene:                   221 
Avg. genes per duplication:                            0.0740543420351625 
Avg. genes per duplication, given it overlaps 1:       1.2579185520362 
Total genes overlapped:                                978 
Genes overlapped by at least one CNV:                  746 
Total genes deleted:                                   787 
Genes deleted by at least one CNV:                     658 
Total genes duplicated:                                191 
Genes duplicated by at least one CNV:                  151 
Genes deleted / genes duplicated:                      4.12041884816754 

CNVs that overlap at least 1 transcript:              1667 
Avg. transcripts per CNV:                              1.08763985082579 
Avg. transcripts per CNV, given it overlaps 1:         2.44931013797241 
CNVs that delete at least 1 transcript:                1446 
Avg. transcripts per deletion:                         0.935269046350559 
Avg. transcripts per deletion, given it overlaps 1:    2.42807745504841 
CNVs that duplicate at least 1 transcript:             221 
Avg. transcripts per duplication:                      0.152370804475226 
Avg. transcripts per duplication, given it overlaps 1: 2.58823529411765 
Total transcripts overlapped:                          2089 
Transcripts overlapped by at least one CNV:            1624 
Total transcripts deleted:                             1691 
Transcripts deleted by at least one CNV:               1435 
Total transcripts duplicated:                          398 
Transcripts duplicated by at least one CNV:            320 
Transcripts deleted / transcripts duplicated:          4.24874371859296 

CNVs that overlap at least 1 exon:                    339 
Avg. exons per CNV:                                    0.457645178476292 
Avg. exons per CNV, given it overlaps 1:               5.06784660766962 
CNVs that delete at least 1 exon:                      257 
Avg. exons per deletion:                               0.317794352690464 
Avg. exons per deletion, given it overlaps 1:          4.6420233463035 
CNVs that duplicate at least 1 exon:                   82 
Avg. exons per duplication:                            0.139850825785828 
Avg. exons per duplication, given it overlaps 1:       6.40243902439024 
Total exons overlapped:                                1718 
Exons overlapped by at least one CNV:                  1189 
Total exons deleted:                                   1193 
Exons deleted by at least one CNV:                     936 
Total exons duplicated:                                525 
Exons duplicated by at least one CNV:                  424 
Exons deleted / exons duplicated:                      2.27238095238095 

MACAQUE ALLELE GENE OVERLAPS FOR CNVs UNDER 25kb
CNVs under 25kb that overlap at least 1 exon:         248 
Avg. exons per CNV under 25kb:                         2.27016129032258 

DE NOVO MACAQUE ALLELES:
Total:                                                 8 
Deletions:                                             7 (0.875) 
Deletion sensitivity:                                  0.88 
Deletions missed:                                      1 
Deletions corrected:                                   8 
Duplications:                                          1 (0.125) 
Duplication sensitivity:                               0.65 
Duplication missed:                                    1 
Duplication corrected:                                 2 
Bases:                                                 64422 
Deleted bases:                                         35156 (0.5457) 
Duplicated bases:                                      29266 (0.4543) 
Avg. length:                                           8052.75 
Min. length:                                           493 
Max. length:                                           29266 
Avg. deletion length:                                  5022.28571428571 
Min. deletion length:                                  493 
Max. deletion length:                                  27189 
Avg. duplication length:                               29266 
Min. duplication length:                               29266 
Max. duplication length:                               29266 

----------

ALL HUMAN EVENTS:
Total:                                                 428712 
Deletions:                                             391428 (0.913) 
Deletion sensitivity:                                  0.88 
Deletions missed:                                      53377 
Deletions corrected:                                   444805 
Duplications:                                          37284 (0.08697) 
Duplication sensitivity:                               0.65 
Duplication missed:                                    20076 
Duplication corrected:                                 57360 
Bases:                                                 631683999 
Deleted bases:                                         541840490 (0.8578) 
Duplicated bases:                                      89843509 (0.1422) 
Avg. length:                                           1473.44604069865 
Min. length:                                           0 
Max. length:                                           97415 
Avg. deletion length:                                  1384.26604637379 
Min. deletion length:                                  3 
Max. deletion length:                                  97415 
Avg. duplication length:                               2409.70681793799 
Min. duplication length:                               0 
Max. duplication length:                               97228 

ALL HUMAN ALLELES:
Total:                                                 15529 
Deletions:                                             13745 (0.8851) 
Deletion sensitivity:                                  0.88 
Deletions missed:                                      1874 
Deletions corrected:                                   15619 
Duplications:                                          1784 (0.1149) 
Duplication sensitivity:                               0.65 
Duplication missed:                                    961 
Duplication corrected:                                 2745 
Bases:                                                 38167319 
Deleted bases:                                         28188993 (0.7386) 
Duplicated bases:                                      9978326 (0.2614) 
Avg. length:                                           2457.80919569837 
Min. length:                                           0 
Max. length:                                           97415 
Avg. deletion length:                                  2050.85434703529 
Min. deletion length:                                  3 
Max. deletion length:                                  97415 
Avg. duplication length:                               5593.23206278027 
Min. duplication length:                               0 
Max. duplication length:                               97228 

CNVs that overlap at least 1 gene:                    10077 
Avg. genes per CNV:                                    0.661897462101857 
Avg. genes per CNV, given it overlaps 1:               1.15689193212266 
CNVs that delete at least 1 gene:                      8974 
Avg. genes per deletion:                               0.583830125475501 
Avg. genes per deletion, given it overlaps 1:          1.14586583463339 
CNVs that duplicate at least 1 gene:                   1103 
Avg. genes per duplication:                            0.0780673366263555 
Avg. genes per duplication, given it overlaps 1:       1.24660018132366 
Total genes overlapped:                                5186 
Genes overlapped by at least one CNV:                  3855 
Total genes deleted:                                   4430 
Genes deleted by at least one CNV:                     3336 
Total genes duplicated:                                756 
Genes duplicated by at least one CNV:                  672 
Genes deleted / genes duplicated:                      5.85978835978836 

CNVs that overlap at least 1 transcript:              10077 
Avg. transcripts per CNV:                              2.53046045534548 
Avg. transcripts per CNV, given it overlaps 1:         4.42284410042671 
CNVs that delete at least 1 transcript:                8974 
Avg. transcripts per deletion:                         2.24345653778459 
Avg. transcripts per deletion, given it overlaps 1:    4.40316469801649 
CNVs that duplicate at least 1 transcript:             1103 
Avg. transcripts per duplication:                      0.287003917560892 
Avg. transcripts per duplication, given it overlaps 1: 4.58295557570263 
Total transcripts overlapped:                          23012 
Transcripts overlapped by at least one CNV:            17074 
Total transcripts deleted:                             19969 
Transcripts deleted by at least one CNV:               15001 
Total transcripts duplicated:                          3043 
Transcripts duplicated by at least one CNV:            2723 
Transcripts deleted / transcripts duplicated:          6.56227407163983 

CNVs that overlap at least 1 exon:                    2479 
Avg. exons per CNV:                                    0.62822914892409 
Avg. exons per CNV, given it overlaps 1:               4.46349334409036 
CNVs that delete at least 1 exon:                      2089 
Avg. exons per deletion:                               0.470391188326804 
Avg. exons per deletion, given it overlaps 1:          3.96601244614648 
CNVs that duplicate at least 1 exon:                   390 
Avg. exons per duplication:                            0.157837960597286 
Avg. exons per duplication, given it overlaps 1:       7.12820512820513 
Total exons overlapped:                                11062 
Exons overlapped by at least one CNV:                  10236 
Total exons deleted:                                   8282 
Exons deleted by at least one CNV:                     7751 
Total exons duplicated:                                2780 
Exons duplicated by at least one CNV:                  2589 
Exons deleted / exons duplicated:                      2.97913669064748 

HUMAN ALLELE GENE OVERLAPS FOR CNVs UNDER 25kb
CNVs under 25kb that overlap at least 1 exon:         2304 
Avg. exons per CNV under 25kb:                         3.53385416666667 

----------
 -> Chi-squared test for macaque exons in SVs vs human exons in SVs...
        Macaque Human
num.del    1193  8282
num.dup     525  2780

	Pearson's Chi-squared test with Yates' continuity correction

data:  exon_counts_t
X-squared = 22.567, df = 1, p-value = 2.029e-06


----------
Counting Brandler de novos...

DE NOVO BRANDLER ALLELES:
Total:                                                 19 
Deletions:                                             15 (0.7895) 
Deletion sensitivity:                                  0.88 
Deletions missed:                                      2 
Deletions corrected:                                   17 
Duplications:                                          4 (0.2105) 
Duplication sensitivity:                               0.65 
Duplication missed:                                    2 
Duplication corrected:                                 6 
Bases:                                                 1428508819 
Deleted bases:                                         1298528069 (0.909) 
Duplicated bases:                                      129980750 (0.09099) 
Avg. length:                                           75184674.6842105 
Min. length:                                           19293891 
Max. length:                                           206751301 
Avg. deletion length:                                  86568537.9333333 
Min. deletion length:                                  19293891 
Max. deletion length:                                  206751301 
Avg. duplication length:                               32495187.5 
Min. duplication length:                               28574000 
Max. duplication length:                               36198550 

----------
CAFE DATA

MACAQUE CAFE GENES:Total changes:                                         1972 
Losses:                                                1063 (0.539046653144016) 
Gains:                                                 909 (0.460953346855984) 

----------

HUMAN CAFE GENES:
Total changes:                                         4034 
Losses:                                                877 (0.217402082300446) 
Gains:                                                 3157 (0.782597917699554) 

----------
 -> Chi-squared test for macaque SV genes (ALL) vs human SV genes (ALL)...
        Macaque SV all Human SV all
num.del            787         4430
num.dup            191          756

	Pearson's Chi-squared test with Yates' continuity correction

data:  mq_hu_all_counts_t
X-squared = 15.139, df = 1, p-value = 9.989e-05


----------
 -> Chi-squared test for macaque SV transcripts (ALL) vs macaque CAFE genes...
        Macaque SV all Macaque CAFE
num.del           1691         1063
num.dup            398          909

	Pearson's Chi-squared test with Yates' continuity correction

data:  mq_sv_all_counts_t
X-squared = 338.66, df = 1, p-value < 2.2e-16


----------
 -> Chi-squared test for macaque SV transcripts (CAFE) vs macaque CAFE genes...
Reading macaque CAFE genes
        Macaque SV CAFE Macaque CAFE
num.del            1421         1063
num.dup             228          909

	Pearson's Chi-squared test with Yates' continuity correction

data:  mq_sv_cafe_counts_t
X-squared = 432.62, df = 1, p-value < 2.2e-16

